<?xml version="1.0" encoding="UTF-8"?>
<!-- Generated by org.testng.reporters.JUnitReportReporter -->
<testsuite hostname="MPRQN43HT2DC" failures="0" tests="1" name="testCases.Login_TC1" time="3.757" errors="0" timestamp="2023-06-22T15:00:45 EEST" skipped="0">
  <testcase classname="testCases.Login_TC1" name="login_and_logout" time="3.757"/>
  <system-out/>
</testsuite> <!-- testCases.Login_TC1 -->
